[Licensing::Module] Trying to connect to existing licensing client channel...
[Licensing::IpcConnector] Successfully connected to the License Client on channel: "LicenseClient-maurp" at "2025-02-04T01:59:07.0692853Z"
[Licensing::Client] Error: Code 10 while verifying Licensing Client signature (process Id: 8388, path: "C:/Program Files/Unity Hub/UnityLicensingClient_V1/Unity.Licensing.Client.exe")
[Licensing::Module] Error: LicensingClient has failed validation; ignoring
[Licensing::Client] Handshaking with LicensingClient:
  Version:                 1.16.2+bdef8f5
  Session Id:              43c5fb533baf42d9b2c0711b0405ec03
  Correlation Id:          da6168dee32c18a91e984b843ab4a319
  External correlation Id: 2418971008598925656
  Machine Id:              1dlBoaZN9UvKZmnzsfG9LSUw3FM=
[Licensing::Module] Successfully connected to LicensingClient on channel: "LicenseClient-maurp" (connect: 0.00s, validation: 0.01s, handshake: 0.08s)
[Licensing::IpcConnector] Successfully connected to the License Notification on channel: "LicenseClient-maurp-notifications" at "2025-02-04T01:59:07.1617993Z"
[Licensing::Module] Error: Access token is unavailable; failed to update
[Licensing::Client] Successfully updated license
Built from '2022.3/staging' branch; Version is '2022.3.39f1 (4e1b0f82c39a) revision 5118735'; Using compiler version '192829333'; Build Type 'Release'
OS: 'Windows 11  (10.0.26100) 64bit Core' Language: 'en' Physical Memory: 16151 MB
[Licensing::Client] Successfully resolved entitlements
[Licensing::Module] Serial number assigned to: "F4-44FF-4QA3-5BJS-PQ3Q-XXXX"
BatchMode: 1, IsHumanControllingUs: 0, StartBugReporterOnCrash: 0, Is64bit: 1, IsPro: 0

COMMAND LINE ARGUMENTS:
C:\Program Files\Unity\Hub\Editor\2022.3.39f1\Editor\Unity.exe
-quit
-batchmode
-logFile
C:/mauro/repos/Pirate-Game-Jam-25/build.log
-projectPath
C:/mauro/repos/Pirate-Game-Jam-25
-executeMethod
BuildScript.BuildGame
--verbose
Successfully changed project path to: C:/mauro/repos/Pirate-Game-Jam-25
C:/mauro/repos/Pirate-Game-Jam-25
[UnityMemory] Configuration Parameters - Can be set up in boot.config
    "memorysetup-bucket-allocator-granularity=16"
    "memorysetup-bucket-allocator-bucket-count=8"
    "memorysetup-bucket-allocator-block-size=33554432"
    "memorysetup-bucket-allocator-block-count=8"
    "memorysetup-main-allocator-block-size=16777216"
    "memorysetup-thread-allocator-block-size=16777216"
    "memorysetup-gfx-main-allocator-block-size=16777216"
    "memorysetup-gfx-thread-allocator-block-size=16777216"
    "memorysetup-cache-allocator-block-size=4194304"
    "memorysetup-typetree-allocator-block-size=2097152"
    "memorysetup-profiler-bucket-allocator-granularity=16"
    "memorysetup-profiler-bucket-allocator-bucket-count=8"
    "memorysetup-profiler-bucket-allocator-block-size=33554432"
    "memorysetup-profiler-bucket-allocator-block-count=8"
    "memorysetup-profiler-allocator-block-size=16777216"
    "memorysetup-profiler-editor-allocator-block-size=1048576"
    "memorysetup-temp-allocator-size-main=16777216"
    "memorysetup-job-temp-allocator-block-size=2097152"
    "memorysetup-job-temp-allocator-block-size-background=1048576"
    "memorysetup-job-temp-allocator-reduction-small-platforms=262144"
    "memorysetup-allocator-temp-initial-block-size-main=262144"
    "memorysetup-allocator-temp-initial-block-size-worker=262144"
    "memorysetup-temp-allocator-size-background-worker=32768"
    "memorysetup-temp-allocator-size-job-worker=262144"
    "memorysetup-temp-allocator-size-preload-manager=33554432"
    "memorysetup-temp-allocator-size-nav-mesh-worker=65536"
    "memorysetup-temp-allocator-size-audio-worker=65536"
    "memorysetup-temp-allocator-size-cloud-worker=32768"
    "memorysetup-temp-allocator-size-gi-baking-worker=262144"
    "memorysetup-temp-allocator-size-gfx=262144"
Player connection [36260]  Target information:

Player connection [36260]  * "[IP] 192.168.204.1 [Port] 55504 [Flags] 2 [Guid] 3927963102 [EditorId] 3927963102 [Version] 1048832 [Id] WindowsEditor(7,DESKTOP-VTOKNIS) [Debug] 1 [PackageName] WindowsEditor [ProjectName] Editor" 

Player connection [36260]  * "[IP] 192.168.74.1 [Port] 55504 [Flags] 2 [Guid] 3927963102 [EditorId] 3927963102 [Version] 1048832 [Id] WindowsEditor(7,DESKTOP-VTOKNIS) [Debug] 1 [PackageName] WindowsEditor [ProjectName] Editor" 

Player connection [36260]  * "[IP] 172.22.128.1 [Port] 55504 [Flags] 2 [Guid] 3927963102 [EditorId] 3927963102 [Version] 1048832 [Id] WindowsEditor(7,DESKTOP-VTOKNIS) [Debug] 1 [PackageName] WindowsEditor [ProjectName] Editor" 

Player connection [36260]  * "[IP] 192.168.1.33 [Port] 55504 [Flags] 2 [Guid] 3927963102 [EditorId] 3927963102 [Version] 1048832 [Id] WindowsEditor(7,DESKTOP-VTOKNIS) [Debug] 1 [PackageName] WindowsEditor [ProjectName] Editor" 

Player connection [36260] Host joined multi-casting on [225.0.0.222:54997]...
Player connection [36260] Host joined alternative multi-casting on [225.0.0.222:34997]...
[PhysX] Initialized MultithreadedTaskDispatcher with 8 workers.
[Package Manager] UpmClient::Connect -- Connected to IPC stream "Upm-12616" after 0.6 seconds.
[Licensing::Client] Successfully resolved entitlements
[Package Manager] Restoring resolved packages state from cache
[Licensing::Client] Successfully resolved entitlement details
[Package Manager] Registered 67 packages:
  Packages from [https://packages.unity.com]:
    com.unity.cinemachine@2.10.3 (location: C:\mauro\repos\Pirate-Game-Jam-25\Library\PackageCache\com.unity.cinemachine@2.10.3)
    com.unity.collab-proxy@2.6.0 (location: C:\mauro\repos\Pirate-Game-Jam-25\Library\PackageCache\com.unity.collab-proxy@2.6.0)
    com.unity.formats.fbx@4.2.1 (location: C:\mauro\repos\Pirate-Game-Jam-25\Library\PackageCache\com.unity.formats.fbx@4.2.1)
    com.unity.probuilder@5.2.3 (location: C:\mauro\repos\Pirate-Game-Jam-25\Library\PackageCache\com.unity.probuilder@5.2.3)
    com.unity.textmeshpro@3.0.6 (location: C:\mauro\repos\Pirate-Game-Jam-25\Library\PackageCache\com.unity.textmeshpro@3.0.6)
    com.unity.timeline@1.7.6 (location: C:\mauro\repos\Pirate-Game-Jam-25\Library\PackageCache\com.unity.timeline@1.7.6)
    com.unity.visualscripting@1.9.4 (location: C:\mauro\repos\Pirate-Game-Jam-25\Library\PackageCache\com.unity.visualscripting@1.9.4)
    com.unity.searcher@4.9.2 (location: C:\mauro\repos\Pirate-Game-Jam-25\Library\PackageCache\com.unity.searcher@4.9.2)
    com.unity.settings-manager@2.0.1 (location: C:\mauro\repos\Pirate-Game-Jam-25\Library\PackageCache\com.unity.settings-manager@2.0.1)
    com.autodesk.fbx@4.2.1 (location: C:\mauro\repos\Pirate-Game-Jam-25\Library\PackageCache\com.autodesk.fbx@4.2.1)
    com.unity.ide.visualstudio@2.0.22 (location: C:\mauro\repos\Pirate-Game-Jam-25\Library\PackageCache\com.unity.ide.visualstudio@2.0.22)
    com.unity.ide.rider@3.0.31 (location: C:\mauro\repos\Pirate-Game-Jam-25\Library\PackageCache\com.unity.ide.rider@3.0.31)
    com.unity.ide.vscode@1.2.5 (location: C:\mauro\repos\Pirate-Game-Jam-25\Library\PackageCache\com.unity.ide.vscode@1.2.5)
    com.unity.editorcoroutines@1.0.0 (location: C:\mauro\repos\Pirate-Game-Jam-25\Library\PackageCache\com.unity.editorcoroutines@1.0.0)
    com.unity.performance.profile-analyzer@1.2.2 (location: C:\mauro\repos\Pirate-Game-Jam-25\Library\PackageCache\com.unity.performance.profile-analyzer@1.2.2)
    com.unity.test-framework@1.1.33 (location: C:\mauro\repos\Pirate-Game-Jam-25\Library\PackageCache\com.unity.test-framework@1.1.33)
    com.unity.testtools.codecoverage@1.2.5 (location: C:\mauro\repos\Pirate-Game-Jam-25\Library\PackageCache\com.unity.testtools.codecoverage@1.2.5)
    com.unity.2d.animation@9.1.1 (location: C:\mauro\repos\Pirate-Game-Jam-25\Library\PackageCache\com.unity.2d.animation@9.1.1)
    com.unity.2d.pixel-perfect@5.0.3 (location: C:\mauro\repos\Pirate-Game-Jam-25\Library\PackageCache\com.unity.2d.pixel-perfect@5.0.3)
    com.unity.2d.psdimporter@8.0.5 (location: C:\mauro\repos\Pirate-Game-Jam-25\Library\PackageCache\com.unity.2d.psdimporter@8.0.5)
    com.unity.2d.spriteshape@9.0.3 (location: C:\mauro\repos\Pirate-Game-Jam-25\Library\PackageCache\com.unity.2d.spriteshape@9.0.3)
    com.unity.2d.tilemap.extras@3.1.2 (location: C:\mauro\repos\Pirate-Game-Jam-25\Library\PackageCache\com.unity.2d.tilemap.extras@3.1.2)
    com.unity.2d.aseprite@1.1.4 (location: C:\mauro\repos\Pirate-Game-Jam-25\Library\PackageCache\com.unity.2d.aseprite@1.1.4)
    com.unity.ext.nunit@1.0.6 (location: C:\mauro\repos\Pirate-Game-Jam-25\Library\PackageCache\com.unity.ext.nunit@1.0.6)
    com.unity.2d.common@8.0.2 (location: C:\mauro\repos\Pirate-Game-Jam-25\Library\PackageCache\com.unity.2d.common@8.0.2)
    com.unity.mathematics@1.2.6 (location: C:\mauro\repos\Pirate-Game-Jam-25\Library\PackageCache\com.unity.mathematics@1.2.6)
    com.unity.collections@1.2.4 (location: C:\mauro\repos\Pirate-Game-Jam-25\Library\PackageCache\com.unity.collections@1.2.4)
    com.unity.burst@1.8.16 (location: C:\mauro\repos\Pirate-Game-Jam-25\Library\PackageCache\com.unity.burst@1.8.16)
  Built-in packages:
    com.unity.feature.2d@2.0.1 (location: C:\mauro\repos\Pirate-Game-Jam-25\Library\PackageCache\com.unity.feature.2d@2.0.1)
    com.unity.feature.development@1.0.1 (location: C:\mauro\repos\Pirate-Game-Jam-25\Library\PackageCache\com.unity.feature.development@1.0.1)
    com.unity.shadergraph@14.0.11 (location: C:\mauro\repos\Pirate-Game-Jam-25\Library\PackageCache\com.unity.shadergraph@14.0.11)
    com.unity.ugui@1.0.0 (location: C:\mauro\repos\Pirate-Game-Jam-25\Library\PackageCache\com.unity.ugui@1.0.0)
    com.unity.modules.ai@1.0.0 (location: C:\mauro\repos\Pirate-Game-Jam-25\Library\PackageCache\com.unity.modules.ai@1.0.0)
    com.unity.modules.androidjni@1.0.0 (location: C:\mauro\repos\Pirate-Game-Jam-25\Library\PackageCache\com.unity.modules.androidjni@1.0.0)
    com.unity.modules.animation@1.0.0 (location: C:\mauro\repos\Pirate-Game-Jam-25\Library\PackageCache\com.unity.modules.animation@1.0.0)
    com.unity.modules.assetbundle@1.0.0 (location: C:\mauro\repos\Pirate-Game-Jam-25\Library\PackageCache\com.unity.modules.assetbundle@1.0.0)
    com.unity.modules.audio@1.0.0 (location: C:\mauro\repos\Pirate-Game-Jam-25\Library\PackageCache\com.unity.modules.audio@1.0.0)
    com.unity.modules.cloth@1.0.0 (location: C:\mauro\repos\Pirate-Game-Jam-25\Library\PackageCache\com.unity.modules.cloth@1.0.0)
    com.unity.modules.director@1.0.0 (location: C:\mauro\repos\Pirate-Game-Jam-25\Library\PackageCache\com.unity.modules.director@1.0.0)
    com.unity.modules.imageconversion@1.0.0 (location: C:\mauro\repos\Pirate-Game-Jam-25\Library\PackageCache\com.unity.modules.imageconversion@1.0.0)
    com.unity.modules.imgui@1.0.0 (location: C:\mauro\repos\Pirate-Game-Jam-25\Library\PackageCache\com.unity.modules.imgui@1.0.0)
    com.unity.modules.jsonserialize@1.0.0 (location: C:\mauro\repos\Pirate-Game-Jam-25\Library\PackageCache\com.unity.modules.jsonserialize@1.0.0)
    com.unity.modules.particlesystem@1.0.0 (location: C:\mauro\repos\Pirate-Game-Jam-25\Library\PackageCache\com.unity.modules.particlesystem@1.0.0)
    com.unity.modules.physics@1.0.0 (location: C:\mauro\repos\Pirate-Game-Jam-25\Library\PackageCache\com.unity.modules.physics@1.0.0)
    com.unity.modules.physics2d@1.0.0 (location: C:\mauro\repos\Pirate-Game-Jam-25\Library\PackageCache\com.unity.modules.physics2d@1.0.0)
    com.unity.modules.screencapture@1.0.0 (location: C:\mauro\repos\Pirate-Game-Jam-25\Library\PackageCache\com.unity.modules.screencapture@1.0.0)
    com.unity.modules.terrain@1.0.0 (location: C:\mauro\repos\Pirate-Game-Jam-25\Library\PackageCache\com.unity.modules.terrain@1.0.0)
    com.unity.modules.terrainphysics@1.0.0 (location: C:\mauro\repos\Pirate-Game-Jam-25\Library\PackageCache\com.unity.modules.terrainphysics@1.0.0)
    com.unity.modules.tilemap@1.0.0 (location: C:\mauro\repos\Pirate-Game-Jam-25\Library\PackageCache\com.unity.modules.tilemap@1.0.0)
    com.unity.modules.ui@1.0.0 (location: C:\mauro\repos\Pirate-Game-Jam-25\Library\PackageCache\com.unity.modules.ui@1.0.0)
    com.unity.modules.uielements@1.0.0 (location: C:\mauro\repos\Pirate-Game-Jam-25\Library\PackageCache\com.unity.modules.uielements@1.0.0)
    com.unity.modules.umbra@1.0.0 (location: C:\mauro\repos\Pirate-Game-Jam-25\Library\PackageCache\com.unity.modules.umbra@1.0.0)
    com.unity.modules.unityanalytics@1.0.0 (location: C:\mauro\repos\Pirate-Game-Jam-25\Library\PackageCache\com.unity.modules.unityanalytics@1.0.0)
    com.unity.modules.unitywebrequest@1.0.0 (location: C:\mauro\repos\Pirate-Game-Jam-25\Library\PackageCache\com.unity.modules.unitywebrequest@1.0.0)
    com.unity.modules.unitywebrequestassetbundle@1.0.0 (location: C:\mauro\repos\Pirate-Game-Jam-25\Library\PackageCache\com.unity.modules.unitywebrequestassetbundle@1.0.0)
    com.unity.modules.unitywebrequestaudio@1.0.0 (location: C:\mauro\repos\Pirate-Game-Jam-25\Library\PackageCache\com.unity.modules.unitywebrequestaudio@1.0.0)
    com.unity.modules.unitywebrequesttexture@1.0.0 (location: C:\mauro\repos\Pirate-Game-Jam-25\Library\PackageCache\com.unity.modules.unitywebrequesttexture@1.0.0)
    com.unity.modules.unitywebrequestwww@1.0.0 (location: C:\mauro\repos\Pirate-Game-Jam-25\Library\PackageCache\com.unity.modules.unitywebrequestwww@1.0.0)
    com.unity.modules.vehicles@1.0.0 (location: C:\mauro\repos\Pirate-Game-Jam-25\Library\PackageCache\com.unity.modules.vehicles@1.0.0)
    com.unity.modules.video@1.0.0 (location: C:\mauro\repos\Pirate-Game-Jam-25\Library\PackageCache\com.unity.modules.video@1.0.0)
    com.unity.modules.vr@1.0.0 (location: C:\mauro\repos\Pirate-Game-Jam-25\Library\PackageCache\com.unity.modules.vr@1.0.0)
    com.unity.modules.wind@1.0.0 (location: C:\mauro\repos\Pirate-Game-Jam-25\Library\PackageCache\com.unity.modules.wind@1.0.0)
    com.unity.modules.xr@1.0.0 (location: C:\mauro\repos\Pirate-Game-Jam-25\Library\PackageCache\com.unity.modules.xr@1.0.0)
    com.unity.modules.subsystems@1.0.0 (location: C:\mauro\repos\Pirate-Game-Jam-25\Library\PackageCache\com.unity.modules.subsystems@1.0.0)
    com.unity.render-pipelines.core@14.0.11 (location: C:\mauro\repos\Pirate-Game-Jam-25\Library\PackageCache\com.unity.render-pipelines.core@14.0.11)
    com.unity.2d.sprite@1.0.0 (location: C:\mauro\repos\Pirate-Game-Jam-25\Library\PackageCache\com.unity.2d.sprite@1.0.0)
    com.unity.2d.tilemap@1.0.0 (location: C:\mauro\repos\Pirate-Game-Jam-25\Library\PackageCache\com.unity.2d.tilemap@1.0.0)
[Subsystems] No new subsystems found in resolved package list.
Package Manager log level set to [2]
[Package Manager] Done registering packages in 0.67 seconds
Refreshing native plugins compatible for Editor in 14.90 ms, found 5 plugins.
Preloading 0 native plugins for Editor in 0.00 ms.
Initialize engine version: 2022.3.39f1 (4e1b0f82c39a)
[Subsystems] Discovering subsystems at path C:/Program Files/Unity/Hub/Editor/2022.3.39f1/Editor/Data/Resources/UnitySubsystems
[Subsystems] Discovering subsystems at path C:/mauro/repos/Pirate-Game-Jam-25/Assets
GfxDevice: creating device client; threaded=0; jobified=0
Direct3D:
    Version:  Direct3D 11.0 [level 11.1]
    Renderer: Intel(R) Iris(R) Xe Graphics (ID=0x9a49)
    Vendor:   Intel
    VRAM:     8075 MB
    Driver:   30.0.101.1994
[Licensing::Client] Successfully resolved entitlements
Initialize mono
Mono path[0] = 'C:/Program Files/Unity/Hub/Editor/2022.3.39f1/Editor/Data/Managed'
Mono path[1] = 'C:/Program Files/Unity/Hub/Editor/2022.3.39f1/Editor/Data/MonoBleedingEdge/lib/mono/unityjit-win32'
Mono config path = 'C:/Program Files/Unity/Hub/Editor/2022.3.39f1/Editor/Data/MonoBleedingEdge/etc'
Using monoOptions --debugger-agent=transport=dt_socket,embedding=1,server=y,suspend=n,address=127.0.0.1:56616
Using cacheserver namespaces - metadata:defaultmetadata, artifacts:defaultartifacts
Using cacheserver namespaces - metadata:defaultmetadata, artifacts:defaultartifacts
ImportWorker Server TCP listen port: 0
Begin MonoManager ReloadAssembly
Registering precompiled unity dll's ...
Register platform support module: C:/Program Files/Unity/Hub/Editor/2022.3.39f1/Editor/Data/PlaybackEngines/WebGLSupport/UnityEditor.WebGL.Extensions.dll
Register platform support module: C:/Program Files/Unity/Hub/Editor/2022.3.39f1/Editor/Data/PlaybackEngines/WindowsStandaloneSupport/UnityEditor.WindowsStandalone.Extensions.dll
Registered in 0.013243 seconds.
- Loaded All Assemblies, in  0.693 seconds
Native extension for WindowsStandalone target not found
Native extension for WebGL target not found
Mono: successfully reloaded assembly
- Finished resetting the current domain, in  0.713 seconds
Domain Reload Profiling: 1402ms
	BeginReloadAssembly (220ms)
		ExecutionOrderSort (0ms)
		DisableScriptedObjects (0ms)
		BackupInstance (0ms)
		ReleaseScriptingObjects (0ms)
		CreateAndSetChildDomain (3ms)
	RebuildCommonClasses (76ms)
	RebuildNativeTypeToScriptingClass (19ms)
	initialDomainReloadingComplete (108ms)
	LoadAllAssembliesAndSetupDomain (266ms)
		LoadAssemblies (213ms)
		RebuildTransferFunctionScriptingTraits (0ms)
		AnalyzeDomain (261ms)
			TypeCache.Refresh (258ms)
				TypeCache.ScanAssembly (236ms)
			ScanForSourceGeneratedMonoScriptInfo (0ms)
			ResolveRequiredComponents (1ms)
	FinalizeReload (713ms)
		ReleaseScriptCaches (0ms)
		RebuildScriptCaches (0ms)
		SetupLoadedEditorAssemblies (580ms)
			LogAssemblyErrors (0ms)
			InitializePlatformSupportModulesInManaged (30ms)
			SetLoadedEditorAssemblies (17ms)
			RefreshPlugins (0ms)
			BeforeProcessingInitializeOnLoad (6ms)
			ProcessInitializeOnLoadAttributes (427ms)
			ProcessInitializeOnLoadMethodAttributes (100ms)
			AfterProcessingInitializeOnLoad (0ms)
			EditorAssembliesLoaded (0ms)
		ExecutionOrderSort2 (0ms)
		AwakeInstancesAfterBackupRestoration (0ms)
[Licensing::Client] Successfully resolved entitlements
Application.AssetDatabase Initial Refresh Start
Starting: C:\Program Files\Unity\Hub\Editor\2022.3.39f1\Editor\Data\bee_backend.exe --dont-print-to-structured-log --ipc --defer-dag-verification --dagfile="Library/Bee/2000b0aE.dag" --continue-on-failure --profile="Library/Bee/backend1.traceevents" ScriptAssemblies
WorkingDir: C:/mauro/repos/Pirate-Game-Jam-25
DisplayProgressbar: Compiling Scripts
ExitCode: 0 Duration: 0s555ms
[240/970    0s] WriteResponseFile Library/Bee/artifacts/rsp/4747638433968585886.rsp
[744/970    0s] ILPP-Configuration Library/ilpp-configuration.nevergeneratedoutput
*** Tundra build success (0.47 seconds), 2 items updated, 970 evaluated
AssetDatabase: script compilation time: 1.459146s
Begin MonoManager ReloadAssembly
- Loaded All Assemblies, in  1.427 seconds
Refreshing native plugins compatible for Editor in 6.70 ms, found 5 plugins.
Preloading 0 native plugins for Editor in 0.00 ms.
Refreshing native plugins compatible for Editor in 9.32 ms, found 5 plugins.
Native extension for WindowsStandalone target not found
Native extension for WebGL target not found
Mono: successfully reloaded assembly
- Finished resetting the current domain, in  4.344 seconds
Domain Reload Profiling: 5765ms
	BeginReloadAssembly (208ms)
		ExecutionOrderSort (0ms)
		DisableScriptedObjects (5ms)
		BackupInstance (0ms)
		ReleaseScriptingObjects (0ms)
		CreateAndSetChildDomain (36ms)
	RebuildCommonClasses (52ms)
	RebuildNativeTypeToScriptingClass (15ms)
	initialDomainReloadingComplete (51ms)
	LoadAllAssembliesAndSetupDomain (1094ms)
		LoadAssemblies (714ms)
		RebuildTransferFunctionScriptingTraits (0ms)
		AnalyzeDomain (492ms)
			TypeCache.Refresh (423ms)
				TypeCache.ScanAssembly (397ms)
			ScanForSourceGeneratedMonoScriptInfo (56ms)
			ResolveRequiredComponents (9ms)
	FinalizeReload (4345ms)
		ReleaseScriptCaches (0ms)
		RebuildScriptCaches (0ms)
		SetupLoadedEditorAssemblies (4043ms)
			LogAssemblyErrors (0ms)
			InitializePlatformSupportModulesInManaged (11ms)
			SetLoadedEditorAssemblies (5ms)
			RefreshPlugins (0ms)
			BeforeProcessingInitializeOnLoad (139ms)
			ProcessInitializeOnLoadAttributes (3671ms)
			ProcessInitializeOnLoadMethodAttributes (210ms)
			AfterProcessingInitializeOnLoad (7ms)
			EditorAssembliesLoaded (0ms)
		ExecutionOrderSort2 (0ms)
		AwakeInstancesAfterBackupRestoration (8ms)
Asset Pipeline Refresh (id=503f3dda55d54c74c85d28231cc99db5): Total: 10.378 seconds - Initiated by InitialRefreshV2(ForceSynchronousImport)
	Summary:
		Imports: total=0 (actual=0, local cache=0, cache server=0)
		Asset DB Process Time: managed=0 ms, native=2761 ms
		Asset DB Callback time: managed=96 ms, native=1 ms
		Scripting: domain reloads=1, domain reload time=5916 ms, compile time=1459 ms, other=143 ms
		Project Asset Count: scripts=7274, non-scripts=2345
		Asset File Changes: new=0, changed=0, moved=0, deleted=0
		Scan Filter Count: 0
	InvokeBeforeRefreshCallbacks: 1.760ms
	ApplyChangesToAssetFolders: 0.130ms
	Scan: 157.337ms
	OnSourceAssetsModified: 0.005ms
	GetAllGuidsForCategorization: 1.447ms
	CategorizeAssets: 270.901ms
	ImportOutOfDateAssets: 4439.365ms (2927.215ms without children)
		CompileScripts: 1459.349ms
		ReloadNativeAssets: 0.001ms
		UnloadImportedAssets: 45.586ms
		EnsureUptoDateAssetsAreRegisteredWithGuidPM: 4.998ms
		InitializingProgressBar: 0.008ms
		PostProcessAllAssetNotificationsAddChangedAssets: 0.002ms
		OnDemandSchedulerStart: 2.207ms
	PostProcessAllAssets: 96.164ms
	GatherAllCurrentPrimaryArtifactRevisions: 0.001ms
	UnloadStreamsBegin: 1.726ms
	PersistCurrentRevisions: 0.603ms
	UnloadStreamsEnd: 0.134ms
	GenerateScriptTypeHashes: 4.252ms
	Untracked: 5408.193ms
Application.AssetDatabase Initial Refresh End
Launched and connected shader compiler UnityShaderCompiler.exe after 0.07 seconds
Scanning for USB devices : 1.728ms
Initializing Unity extensions:
[Licensing::Client] Successfully resolved entitlements
[MODES] ModeService[none].Initialize
[MODES] ModeService[none].LoadModes
[MODES] Loading mode Default (0) for mode-current-id-BulletPath
[PhysX] Initialized MultithreadedTaskDispatcher with 8 workers.
ProgressiveSceneManager::Cancel()
Unloading 7 Unused Serialized files (Serialized files now loaded: 0)
Unloading 114 unused Assets / (0.6 MB). Loaded Objects now: 6591.
Memory consumption went from 141.2 MB to 140.6 MB.
Total: 11.759500 ms (FindLiveObjects: 0.643500 ms CreateObjectMapping: 0.594800 ms MarkObjects: 9.723200 ms  DeleteObjects: 0.795700 ms)

Starting: C:\Program Files\Unity\Hub\Editor\2022.3.39f1\Editor\Data\bee_backend.exe --dont-print-to-structured-log --ipc --defer-dag-verification --dagfile="Library/Bee/2000b0aESkipCompile.dag" --continue-on-failure --profile="Library/Bee/backend1.traceevents" ScriptAssembliesAndTypeDB
WorkingDir: C:/mauro/repos/Pirate-Game-Jam-25
ExitCode: 0 Duration: 0s156ms
*** Tundra build success (0.11 seconds), 0 items updated, 3 evaluated
Asset Pipeline Refresh (id=3da15ea052e235149a6f51b8bdb0ccfc): Total: 0.039 seconds - Initiated by RefreshV2(NoUpdateAssetOptions)
[ScriptCompilation] Requested script compilation because: Recompiling scripts for player build.
BuildPlayer: start building target 20
Starting: C:\Program Files\Unity\Hub\Editor\2022.3.39f1\Editor\Data\bee_backend.exe --dont-print-to-structured-log --ipc --defer-dag-verification --dagfile="Library/Bee/2000b0aP.dag" --continue-on-failure --profile="Library/Bee/backend1.traceevents" ScriptAssembliesAndTypeDB
WorkingDir: C:/mauro/repos/Pirate-Game-Jam-25
ExitCode: 0 Duration: 7s168ms
[295/532    0s] WriteResponseFile Library/Bee/artifacts/rsp/4747638433968585886.rsp
[435/532    0s] CopyFiles Library/Bee/PlayerScriptAssemblies/UnityEngine.TestRunner.dll
[437/532    0s] CopyFiles Library/Bee/PlayerScriptAssemblies/UnityEngine.TestRunner.pdb
[442/532    0s] ILPP-Configuration Library/ilpp-configuration.nevergeneratedoutput
[472/532    0s] CopyFiles Library/Bee/PlayerScriptAssemblies/Unity.2D.PixelPerfect.dll
[473/532    0s] CopyFiles Library/Bee/PlayerScriptAssemblies/FbxBuildTestAssets.dll
[474/532    0s] CopyFiles Library/Bee/PlayerScriptAssemblies/Unity.RenderPipelines.Core.Runtime.dll
[475/532    0s] CopyFiles Library/Bee/PlayerScriptAssemblies/Unity.2D.IK.Runtime.dll
[476/532    0s] CopyFiles Library/Bee/PlayerScriptAssemblies/Unity.VisualScripting.Flow.dll
[477/532    0s] CopyFiles Library/Bee/PlayerScriptAssemblies/Unity.ProBuilder.dll
[478/532    0s] CopyFiles Library/Bee/PlayerScriptAssemblies/Unity.ProBuilder.Poly2Tri.dll
[479/532    0s] CopyFiles Library/Bee/PlayerScriptAssemblies/Unity.VisualScripting.State.dll
[480/532    0s] CopyFiles Library/Bee/PlayerScriptAssemblies/Unity.ProBuilder.Csg.dll
[481/532    0s] CopyFiles Library/Bee/PlayerScriptAssemblies/Assembly-CSharp.dll
[482/532    0s] CopyFiles Library/Bee/PlayerScriptAssemblies/Unity.Timeline.dll
[483/532    0s] CopyFiles Library/Bee/PlayerScriptAssemblies/UnityEngine.UI.dll
[484/532    0s] CopyFiles Library/Bee/PlayerScriptAssemblies/Unity.2D.Common.Runtime.dll
[485/532    0s] CopyFiles Library/Bee/PlayerScriptAssemblies/Unity.Formats.Fbx.Runtime.dll
[486/532    0s] CopyFiles Library/Bee/PlayerScriptAssemblies/Unity.RenderPipelines.ShaderGraph.ShaderGraphLibrary.dll
[487/532    0s] CopyFiles Library/Bee/PlayerScriptAssemblies/Unity.RenderPipelines.Core.ShaderLibrary.dll
[488/532    0s] CopyFiles Library/Bee/PlayerScriptAssemblies/Assembly-CSharp-firstpass.dll
[489/532    0s] CopyFiles Library/Bee/PlayerScriptAssemblies/Unity.VisualScripting.Core.dll
[490/532    0s] CopyFiles Library/Bee/PlayerScriptAssemblies/Unity.Burst.dll
[491/532    0s] CopyFiles Library/Bee/PlayerScriptAssemblies/Unity.2D.Tilemap.Extras.dll
[492/532    0s] CopyFiles Library/Bee/PlayerScriptAssemblies/Unity.Collections.dll
[493/532    0s] CopyFiles Library/Bee/PlayerScriptAssemblies/Unity.ProBuilder.Stl.dll
[494/532    0s] CopyFiles Library/Bee/PlayerScriptAssemblies/Cinemachine.dll
[495/532    0s] CopyFiles Library/Bee/PlayerScriptAssemblies/Unity.InternalAPIEngineBridge.001.dll
[496/532    0s] CopyFiles Library/Bee/PlayerScriptAssemblies/Unity.Mathematics.dll
[497/532    0s] CopyFiles Library/Bee/PlayerScriptAssemblies/Unity.TextMeshPro.dll
[498/532    0s] CopyFiles Library/Bee/PlayerScriptAssemblies/Unity.2D.Animation.Runtime.dll
[499/532    0s] CopyFiles Library/Bee/PlayerScriptAssemblies/Unity.ProBuilder.KdTree.dll
[500/532    0s] CopyFiles Library/Bee/PlayerScriptAssemblies/Unity.2D.SpriteShape.Runtime.dll
[501/532    0s] CopyFiles Library/Bee/PlayerScriptAssemblies/Unity.VisualScripting.State.pdb
[502/532    0s] CopyFiles Library/Bee/PlayerScriptAssemblies/UnityEngine.UI.pdb
[503/532    0s] CopyFiles Library/Bee/PlayerScriptAssemblies/Unity.2D.Common.Runtime.pdb
[504/532    0s] CopyFiles Library/Bee/PlayerScriptAssemblies/Unity.VisualScripting.Flow.pdb
[505/532    0s] CopyFiles Library/Bee/PlayerScriptAssemblies/Assembly-CSharp.pdb
[506/532    0s] CopyFiles Library/Bee/PlayerScriptAssemblies/FbxBuildTestAssets.pdb
[507/532    0s] CopyFiles Library/Bee/PlayerScriptAssemblies/Unity.2D.PixelPerfect.pdb
[508/532    0s] CopyFiles Library/Bee/PlayerScriptAssemblies/Unity.Timeline.pdb
[509/532    0s] CopyFiles Library/Bee/PlayerScriptAssemblies/Unity.RenderPipelines.ShaderGraph.ShaderGraphLibrary.pdb
[510/532    0s] CopyFiles Library/Bee/PlayerScriptAssemblies/Unity.RenderPipelines.Core.Runtime.pdb
[511/532    0s] CopyFiles Library/Bee/PlayerScriptAssemblies/Unity.ProBuilder.Poly2Tri.pdb
[512/532    0s] CopyFiles Library/Bee/PlayerScriptAssemblies/Unity.InternalAPIEngineBridge.001.pdb
[513/532    0s] CopyFiles Library/Bee/PlayerScriptAssemblies/Unity.2D.SpriteShape.Runtime.pdb
[514/532    0s] CopyFiles Library/Bee/PlayerScriptAssemblies/Unity.Mathematics.pdb
[515/532    0s] CopyFiles Library/Bee/PlayerScriptAssemblies/Unity.ProBuilder.KdTree.pdb
[516/532    0s] CopyFiles Library/Bee/PlayerScriptAssemblies/Unity.2D.Animation.Runtime.pdb
[517/532    0s] CopyFiles Library/Bee/PlayerScriptAssemblies/Unity.2D.IK.Runtime.pdb
[518/532    0s] CopyFiles Library/Bee/PlayerScriptAssemblies/Unity.Collections.pdb
[519/532    0s] CopyFiles Library/Bee/PlayerScriptAssemblies/Unity.2D.Tilemap.Extras.pdb
[520/532    0s] CopyFiles Library/Bee/PlayerScriptAssemblies/Unity.TextMeshPro.pdb
[521/532    0s] CopyFiles Library/Bee/PlayerScriptAssemblies/Unity.ProBuilder.pdb
[522/532    0s] CopyFiles Library/Bee/PlayerScriptAssemblies/Unity.RenderPipelines.Core.ShaderLibrary.pdb
[523/532    0s] CopyFiles Library/Bee/PlayerScriptAssemblies/Cinemachine.pdb
[524/532    0s] CopyFiles Library/Bee/PlayerScriptAssemblies/Unity.VisualScripting.Core.pdb
[525/532    0s] CopyFiles Library/Bee/PlayerScriptAssemblies/Unity.ProBuilder.Stl.pdb
[526/532    0s] CopyFiles Library/Bee/PlayerScriptAssemblies/Unity.Burst.pdb
[527/532    0s] CopyFiles Library/Bee/PlayerScriptAssemblies/Assembly-CSharp-firstpass.pdb
[528/532    0s] CopyFiles Library/Bee/PlayerScriptAssemblies/Unity.Formats.Fbx.Runtime.pdb
[529/532    0s] CopyFiles Library/Bee/PlayerScriptAssemblies/Unity.ProBuilder.Csg.pdb
*** Tundra build success (7.13 seconds), 62 items updated, 532 evaluated
Not rebuilding Data files -- no changes
Asset Pipeline Refresh (id=eafbecfe8ab92b246b8871f829593079): Total: 0.098 seconds - Initiated by RefreshV2(NoUpdateAssetOptions)


Mono dependencies included in the build
Dependency assembly - System.Diagnostics.FileVersionInfo.dll
Dependency assembly - System.Windows.Forms.DataVisualization.dll
Dependency assembly - System.Data.OracleClient.dll
Dependency assembly - System.Data.Services.dll
Dependency assembly - System.Runtime.Serialization.Formatters.Soap.dll
Dependency assembly - System.ValueTuple.dll
Dependency assembly - Mono.Data.Tds.dll
Dependency assembly - System.Runtime.Loader.dll
Dependency assembly - System.Threading.Tasks.Parallel.dll
Dependency assembly - System.Diagnostics.Tracing.dll
Dependency assembly - System.Net.Ping.dll
Dependency assembly - System.Linq.Parallel.dll
Dependency assembly - System.Reflection.Primitives.dll
Dependency assembly - Assembly-CSharp-firstpass.dll
Dependency assembly - System.Data.DataSetExtensions.dll
Dependency assembly - System.Runtime.Caching.dll
Dependency assembly - System.Runtime.DurableInstancing.dll
Dependency assembly - System.Xml.XmlSerializer.dll
Dependency assembly - Unity.RenderPipelines.Core.ShaderLibrary.dll
Dependency assembly - System.Threading.Tasks.Extensions.dll
Dependency assembly - System.IO.Compression.ZipFile.dll
Dependency assembly - System.IO.UnmanagedMemoryStream.dll
Dependency assembly - System.Globalization.dll
Dependency assembly - System.Resources.ResourceManager.dll
Dependency assembly - Unity.Timeline.dll
Dependency assembly - System.Net.Requests.dll
Dependency assembly - System.Net.Primitives.dll
Dependency assembly - System.Diagnostics.Debug.dll
Dependency assembly - System.Net.Security.dll
Dependency assembly - System.Web.DynamicData.dll
Dependency assembly - System.Console.dll
Dependency assembly - System.Security.Cryptography.X509Certificates.dll
Dependency assembly - System.Collections.Specialized.dll
Dependency assembly - System.Runtime.Numerics.dll
Dependency assembly - System.Threading.dll
Dependency assembly - System.dll
Dependency assembly - System.Xml.XDocument.dll
Dependency assembly - System.IdentityModel.dll
Dependency assembly - Unity.ProBuilder.KdTree.dll
Dependency assembly - System.Net.Http.dll
Dependency assembly - System.Reflection.Emit.ILGeneration.dll
Dependency assembly - System.IdentityModel.Selectors.dll
Dependency assembly - System.Xml.ReaderWriter.dll
Dependency assembly - System.Collections.Concurrent.dll
Dependency assembly - System.Json.dll
Dependency assembly - Unity.ProBuilder.Csg.dll
Dependency assembly - System.ComponentModel.EventBasedAsync.dll
Dependency assembly - System.Xml.Xsl.Primitives.dll
Dependency assembly - System.Collections.NonGeneric.dll
Dependency assembly - System.ComponentModel.TypeConverter.dll
Dependency assembly - System.ServiceModel.Http.dll
Dependency assembly - System.ObjectModel.dll
Dependency assembly - System.Drawing.dll
Dependency assembly - Mono.Security.dll
Dependency assembly - System.Security.SecureString.dll
Dependency assembly - UnityEngine.UI.dll
Dependency assembly - System.Net.AuthenticationManager.dll
Dependency assembly - System.Runtime.Remoting.dll
Dependency assembly - System.Net.HttpListener.dll
Dependency assembly - System.Reflection.Context.dll
Dependency assembly - Unity.Collections.dll
Dependency assembly - System.Net.WebSockets.Client.dll
Dependency assembly - System.ComponentModel.dll
Dependency assembly - System.Runtime.Handles.dll
Dependency assembly - FbxBuildTestAssets.dll
Dependency assembly - System.Net.WebSockets.dll
Dependency assembly - System.Drawing.Design.dll
Dependency assembly - System.IO.Compression.dll
Dependency assembly - System.Runtime.Serialization.Xml.dll
Dependency assembly - Assembly-CSharp.dll
Dependency assembly - System.Security.Cryptography.RSA.dll
Dependency assembly - System.Diagnostics.Tools.dll
Dependency assembly - System.Xml.Linq.dll
Dependency assembly - System.Security.AccessControl.dll
Dependency assembly - Unity.VisualScripting.State.dll
Dependency assembly - System.IO.MemoryMappedFiles.dll
Dependency assembly - System.Security.Cryptography.Hashing.dll
Dependency assembly - System.IO.Compression.FileSystem.dll
Dependency assembly - System.Windows.dll
Dependency assembly - Microsoft.Win32.Registry.dll
Dependency assembly - System.Data.Common.dll
Dependency assembly - Microsoft.CSharp.dll
Dependency assembly - System.Xml.XPath.dll
Dependency assembly - System.Runtime.Serialization.Primitives.dll
Dependency assembly - System.Configuration.dll
Dependency assembly - System.Reflection.Extensions.dll
Dependency assembly - System.Text.Encoding.Extensions.dll
Dependency assembly - System.Buffers.dll
Dependency assembly - System.Security.Cryptography.OpenSsl.dll
Dependency assembly - System.Text.RegularExpressions.dll
Dependency assembly - System.ComponentModel.DataAnnotations.dll
Dependency assembly - Unity.TextMeshPro.dll
Dependency assembly - System.ServiceModel.Duplex.dll
Dependency assembly - System.Diagnostics.StackTrace.dll
Dependency assembly - System.ComponentModel.Annotations.dll
Dependency assembly - System.Resources.Writer.dll
Dependency assembly - System.Security.Cryptography.DeriveBytes.dll
Dependency assembly - System.Xml.XPath.XmlDocument.dll
Dependency assembly - System.DirectoryServices.Protocols.dll
Dependency assembly - System.Drawing.Primitives.dll
Dependency assembly - System.Security.Cryptography.Encoding.dll
Dependency assembly - System.Transactions.dll
Dependency assembly - System.IO.FileSystem.dll
Dependency assembly - System.Management.dll
Dependency assembly - System.Reflection.TypeExtensions.dll
Dependency assembly - System.ServiceProcess.ServiceController.dll
Dependency assembly - Unity.2D.PixelPerfect.dll
Dependency assembly - mscorlib.dll
Dependency assembly - System.ServiceModel.Security.dll
Dependency assembly - System.Security.Cryptography.Encryption.ECDsa.dll
Dependency assembly - Microsoft.Win32.Primitives.dll
Dependency assembly - System.Net.Http.WebRequest.dll
Dependency assembly - System.Security.Cryptography.Algorithms.dll
Dependency assembly - System.Collections.dll
Dependency assembly - System.Threading.Overlapped.dll
Dependency assembly - System.DirectoryServices.dll
Dependency assembly - Unity.ProBuilder.Stl.dll
Dependency assembly - Unity.ProBuilder.Poly2Tri.dll
Dependency assembly - System.Net.Utilities.dll
Dependency assembly - Unity.VisualScripting.Flow.dll
Dependency assembly - System.Xaml.dll
Dependency assembly - System.Reflection.Emit.dll
Dependency assembly - System.Resources.Reader.dll
Dependency assembly - System.Configuration.Install.dll
Dependency assembly - System.Net.dll
Dependency assembly - System.Text.Encoding.CodePages.dll
Dependency assembly - System.ServiceModel.Internals.dll
Dependency assembly - System.IO.FileSystem.Primitives.dll
Dependency assembly - System.EnterpriseServices.dll
Dependency assembly - System.Diagnostics.TraceEvent.dll
Dependency assembly - System.ServiceModel.Routing.dll
Dependency assembly - System.Security.Cryptography.ProtectedData.dll
Dependency assembly - System.Net.Cache.dll
Dependency assembly - System.Security.Cryptography.Cng.dll
Dependency assembly - System.Data.dll
Dependency assembly - Unity.InternalAPIEngineBridge.001.dll
Dependency assembly - System.Windows.Forms.dll
Dependency assembly - Unity.2D.IK.Runtime.dll
Dependency assembly - Unity.Burst.dll
Dependency assembly - System.Reflection.DispatchProxy.dll
Dependency assembly - System.Diagnostics.TextWriterTraceListener.dll
Dependency assembly - System.Data.Entity.dll
Dependency assembly - System.Security.Cryptography.Encryption.Aes.dll
Dependency assembly - System.ServiceModel.dll
Dependency assembly - netstandard.dll
Dependency assembly - Unity.VisualScripting.Core.dll
Dependency assembly - System.Xml.XmlDocument.dll
Dependency assembly - System.Security.Claims.dll
Dependency assembly - Unity.2D.Animation.Runtime.dll
Dependency assembly - DOTween.dll
Dependency assembly - System.Data.SqlClient.dll
Dependency assembly - System.Security.dll
Dependency assembly - System.Net.Mail.dll
Dependency assembly - System.Web.Extensions.Design.dll
Dependency assembly - System.Net.WebHeaderCollection.dll
Dependency assembly - System.ServiceModel.NetTcp.dll
Dependency assembly - System.ServiceModel.Web.dll
Dependency assembly - System.ServiceModel.Activation.dll
Dependency assembly - System.ServiceProcess.dll
Dependency assembly - System.Web.dll
Dependency assembly - Cinemachine.dll
Dependency assembly - System.IO.Pipes.dll
Dependency assembly - System.ComponentModel.Composition.dll
Dependency assembly - Unity.Collections.LowLevel.ILSupport.dll
Dependency assembly - Unity.2D.Common.Runtime.dll
Dependency assembly - System.Security.Cryptography.Encryption.ECDiffieHellman.dll
Dependency assembly - System.Resources.ReaderWriter.dll
Dependency assembly - Microsoft.Win32.Registry.AccessControl.dll
Dependency assembly - Unity.Formats.Fbx.Runtime.dll
Dependency assembly - System.Core.dll
Dependency assembly - Unity.2D.Tilemap.Extras.dll
Dependency assembly - System.Text.Encoding.dll
Dependency assembly - System.Numerics.Vectors.dll
Dependency assembly - System.IO.dll
Dependency assembly - System.Memory.dll
Dependency assembly - System.Runtime.Serialization.Formatters.dll
Dependency assembly - System.Diagnostics.Contracts.dll
Dependency assembly - System.Globalization.Extensions.dll
Dependency assembly - System.Web.Extensions.dll
Dependency assembly - System.IO.FileSystem.Watcher.dll
Dependency assembly - System.Net.ServicePoint.dll
Dependency assembly - System.Security.Cryptography.Pkcs.dll
Dependency assembly - System.Security.Principal.dll
Dependency assembly - System.Data.Services.Client.dll
Dependency assembly - System.Linq.dll
Dependency assembly - Unity.2D.SpriteShape.Runtime.dll
Dependency assembly - Mono.Data.Sqlite.dll
Dependency assembly - System.Net.Sockets.dll
Dependency assembly - Unity.RenderPipelines.Core.Runtime.dll
Dependency assembly - Unity.RenderPipelines.ShaderGraph.ShaderGraphLibrary.dll
Dependency assembly - Unity.Mathematics.dll
Dependency assembly - Accessibility.dll
Dependency assembly - System.AppContext.dll
Dependency assembly - System.Reflection.dll
Dependency assembly - System.Linq.Expressions.dll
Dependency assembly - System.Runtime.InteropServices.WindowsRuntime.dll
Dependency assembly - System.Diagnostics.Process.dll
Dependency assembly - System.Runtime.InteropServices.dll
Dependency assembly - System.Web.Services.dll
Dependency assembly - Unity.Burst.Unsafe.dll
Dependency assembly - System.Security.Cryptography.RandomNumberGenerator.dll
Dependency assembly - System.Threading.Timer.dll
Dependency assembly - System.Numerics.dll
Dependency assembly - System.Security.Cryptography.Hashing.Algorithms.dll
Dependency assembly - System.Threading.AccessControl.dll
Dependency assembly - System.Web.ApplicationServices.dll
Dependency assembly - System.Messaging.dll
Dependency assembly - System.Xml.Serialization.dll
Dependency assembly - Unity.ProBuilder.dll
Dependency assembly - System.Net.NameResolution.dll
Dependency assembly - System.Security.Cryptography.Primitives.dll
Dependency assembly - System.ServiceModel.Primitives.dll
Dependency assembly - System.Diagnostics.TraceSource.dll
Dependency assembly - System.Web.RegularExpressions.dll
Dependency assembly - System.Dynamic.Runtime.dll
Dependency assembly - System.Reflection.Emit.Lightweight.dll
Dependency assembly - System.ComponentModel.Primitives.dll
Dependency assembly - System.IO.FileSystem.AccessControl.dll
Dependency assembly - System.Runtime.Serialization.Json.dll
Dependency assembly - System.Runtime.InteropServices.RuntimeInformation.dll
Dependency assembly - System.Security.Principal.Windows.dll
Dependency assembly - System.Runtime.dll
Dependency assembly - System.Runtime.Extensions.dll
Dependency assembly - System.Runtime.Serialization.dll
Dependency assembly - System.Threading.Tasks.dll
Dependency assembly - System.Threading.ThreadPool.dll
Dependency assembly - System.Runtime.CompilerServices.VisualC.dll
Dependency assembly - System.ServiceModel.Discovery.dll
Dependency assembly - System.Design.dll
Dependency assembly - Unity.VisualScripting.Antlr3.Runtime.dll
Dependency assembly - System.IO.FileSystem.DriveInfo.dll
Dependency assembly - System.Net.NetworkInformation.dll
Dependency assembly - System.Xml.XPath.XDocument.dll
Dependency assembly - System.Security.Cryptography.Encryption.dll
Dependency assembly - System.Xml.dll
Dependency assembly - System.IO.IsolatedStorage.dll
Dependency assembly - System.Threading.Thread.dll
Dependency assembly - System.Globalization.Calendars.dll
Dependency assembly - System.Data.Linq.dll
Dependency assembly - System.Linq.Queryable.dll
Dependency assembly - System.Security.Cryptography.Csp.dll

Starting: C:\Program Files\Unity\Hub\Editor\2022.3.39f1\Editor\Data\bee_backend.exe --dont-print-to-structured-log --ipc --dagfile="Library/Bee/Playerc8ece94d.dag" --profile="Library/Bee/backend1.traceevents" Player
WorkingDir: C:/mauro/repos/Pirate-Game-Jam-25
DisplayProgressbar: Incremental Player Build
ExitCode: 0 Duration: 8s151ms
[websockify wrapper] Start node and websockify.js
Refreshing native plugins compatible for Editor in 11.61 ms, found 5 plugins.
Preloading 0 native plugins for Editor in 0.00 ms.

-------------------------------------------------------------------------------
Build Report
Information on used Assets is not available, since player data was not rebuilt.
Do a clean build to view the Asset build report information.
-------------------------------------------------------------------------------
Unloading 1 Unused Serialized files (Serialized files now loaded: 0)
Unloading 66 unused Assets / (1.1 MB). Loaded Objects now: 6606.
Memory consumption went from 157.0 MB to 155.9 MB.
Total: 12.736900 ms (FindLiveObjects: 0.911400 ms CreateObjectMapping: 0.688600 ms MarkObjects: 10.087300 ms  DeleteObjects: 1.046900 ms)

DisplayProgressNotification: Build Successful
Build Finished, Result: Success.
##utp:{"type":"PlayerBuildInfo","version":2,"phase":"Immediate","time":1738634384852,"processId":12616,"steps":[{"description":"Preprocess Player","duration":95},{"description":"Prepare For Build","duration":0},{"description":"ProducePlayerScriptAssemblies","duration":8388},{"description":"Verify Build setup","duration":516},{"description":"Prepare assets for target platform","duration":115},{"description":"Prepare splash screen","duration":40},{"description":"Run script only build","duration":151},{"description":"Postprocess built player","duration":8747}],"duration":18052}
[PhysX] Initialized MultithreadedTaskDispatcher with 8 workers.
Unloading 0 Unused Serialized files (Serialized files now loaded: 0)
[websockify wrapper] Proxying from :54998 to localhost:34999
Loaded scene 'Temp/__Backupscenes/0.backup'
	Deserialize:            0.806 ms
	Integration:            358.665 ms
	Integration of assets:  0.003 ms
	Thread Wait Time:       0.036 ms
	Total Operation Time:   359.510 ms
Unloading 0 unused Assets / (0.8 MB). Loaded Objects now: 6606.
Memory consumption went from 155.3 MB to 154.6 MB.
Total: 9.358700 ms (FindLiveObjects: 0.512400 ms CreateObjectMapping: 0.252100 ms MarkObjects: 8.570000 ms  DeleteObjects: 0.022500 ms)

Batchmode quit successfully invoked - shutting down!
[websockify wrapper] OnUnload
[websockify wrapper] Process killed
[PhysX] Initialized MultithreadedTaskDispatcher with 8 workers.
[Licensing::IpcConnector] License Notification channel disconnected successfully.
[Licensing::IpcConnector] License Client channel disconnected successfully.
Cleanup mono
[websockify wrapper] OnUnload
[Performance] WinEditorMain                                                                                                  :        1 samples, Peak.  3.00 s (1.0x), Avg.  3.00 s, Total. 3.001 s (7.6%)
[Performance] WinEditorMain.ConfigureCrashHandler                                                                            :        1 samples, Peak.  56.0 us (1.0x), Avg.  56.0 us, Total. 56.00 us (0.0%)
[Performance] WinEditorMain.CurlRequestInitialize                                                                            :        1 samples, Peak.  2.97 ms (1.0x), Avg.  2.97 ms, Total. 2.971 ms (0.0%)
[Performance] WinEditorMain.SetupLogFile                                                                                     :        1 samples, Peak.  1.16 ms (1.0x), Avg.  1.16 ms, Total. 1.160 ms (0.0%)
[Performance] WinEditorMain.RunNativeTestsIfRequiredAndExit                                                                  :        1 samples, Peak.   500 ns (1.0x), Avg.   500 ns, Total. 500.0 ns (0.0%)
[Performance] WinEditorMain.Licensing                                                                                        :        1 samples, Peak.  2.97 s (1.0x), Avg.  2.97 s, Total. 2.968 s (7.6%)
[Performance] WinEditorMain.InitializeCrashHandler                                                                           :        1 samples, Peak.  18.4 ms (1.0x), Avg.  18.4 ms, Total. 18.44 ms (0.0%)
[Performance] WinEditorMain.CreateApplication                                                                                :        1 samples, Peak.   937 us (1.0x), Avg.   937 us, Total. 937.1 us (0.0%)
[Performance] Application.InitializeProject                                                                                  :        1 samples, Peak.  15.5 s (1.0x), Avg.  15.5 s, Total. 15.51 s (39.5%)
[Performance] Application.PackageManager.StartServer                                                                         :        1 samples, Peak.  6.61 ms (1.0x), Avg.  6.61 ms, Total. 6.614 ms (0.0%)
[Performance] Application.AcquireProjectLock                                                                                 :        1 samples, Peak.  30.0 ms (1.0x), Avg.  30.0 ms, Total. 30.04 ms (0.1%)
[Performance] Application.InitializeEngineNoGraphics                                                                         :        1 samples, Peak.   111 ms (1.0x), Avg.   111 ms, Total. 110.7 ms (0.3%)
[Performance] Application.PackageManager.Initialize                                                                          :        1 samples, Peak.   620 ms (1.0x), Avg.   620 ms, Total. 620.4 ms (1.6%)
[Performance] Connecting to Package Manager                                                                                  :       63 samples, Peak.  78.8 us (15.2x), Avg.  5.17 us, Total. 325.9 us (0.0%)
[Performance] Application.EngineGraphics.Initialize                                                                          :        1 samples, Peak.   437 ms (1.0x), Avg.   437 ms, Total. 437.3 ms (1.1%)
[Performance] Application.GI.Initialize                                                                                      :        1 samples, Peak.  5.25 ms (1.0x), Avg.  5.25 ms, Total. 5.249 ms (0.0%)
[Performance] Application.LoadAllDefaultResourcesFromEditor                                                                  :        1 samples, Peak.  5.13 ms (1.0x), Avg.  5.13 ms, Total. 5.129 ms (0.0%)
[Performance] Application.LoadMonoAssemblies                                                                                 :        1 samples, Peak.  1.43 s (1.0x), Avg.  1.43 s, Total. 1.426 s (3.6%)
[Performance] RestoreManagedReferences                                                                                       :        2 samples, Peak.  65.3 ms (2.0x), Avg.  32.7 ms, Total. 65.35 ms (0.2%)
[Performance] InitializeOnLoad ObjectSelectorSearch                                                                          :        2 samples, Peak.  1.02 ms (1.4x), Avg.   705 us, Total. 1.411 ms (0.0%)
[Performance] InitializeOnLoad CacheServerWindow                                                                             :        2 samples, Peak.  58.1 us (1.5x), Avg.  39.5 us, Total. 79.10 us (0.0%)
[Performance] InitializeOnLoad SettingsService                                                                               :        2 samples, Peak.  15.0 us (1.1x), Avg.  13.1 us, Total. 26.10 us (0.0%)
[Performance] InitializeOnLoad PlayModeDownload                                                                              :        2 samples, Peak.  21.1 ms (1.9x), Avg.  11.0 ms, Total. 21.94 ms (0.1%)
[Performance] InitializeOnLoad UnityConnect                                                                                  :        2 samples, Peak.   263 us (1.6x), Avg.   165 us, Total. 329.7 us (0.0%)
[Performance] InitializeOnLoad UISystemProfilerRenderService                                                                 :        2 samples, Peak.  45.6 us (1.6x), Avg.  28.7 us, Total. 57.40 us (0.0%)
[Performance] InitializeOnLoad ManagedDebugger                                                                               :        2 samples, Peak.  2.38 ms (1.5x), Avg.  1.55 ms, Total. 3.109 ms (0.0%)
[Performance] InitializeOnLoad SearchService                                                                                 :        2 samples, Peak.   326 us (1.4x), Avg.   233 us, Total. 466.7 us (0.0%)
[Performance] InitializeOnLoad AddComponentWindow                                                                            :        2 samples, Peak.   263 us (1.4x), Avg.   192 us, Total. 383.1 us (0.0%)
[Performance] InitializeOnLoad EditMode                                                                                      :        2 samples, Peak.  1.25 ms (1.3x), Avg.   935 us, Total. 1.870 ms (0.0%)
[Performance] InitializeOnLoad CloudBuild                                                                                    :        2 samples, Peak.  8.80 us (1.2x), Avg.  7.60 us, Total. 15.20 us (0.0%)
[Performance] InitializeOnLoad PrefabInstanceChangedListener                                                                 :        2 samples, Peak.   417 us (1.4x), Avg.   293 us, Total. 585.2 us (0.0%)
[Performance] InitializeOnLoad MixerEffectDefinitionReloader                                                                 :        2 samples, Peak.  7.38 ms (1.6x), Avg.  4.69 ms, Total. 9.382 ms (0.0%)
[Performance] InitializeOnLoad DrivenRectTransformUndo                                                                       :        2 samples, Peak.   691 us (1.4x), Avg.   491 us, Total. 981.9 us (0.0%)
[Performance] InitializeOnLoad ProjectSearch                                                                                 :        2 samples, Peak.   731 us (1.8x), Avg.   407 us, Total. 813.8 us (0.0%)
[Performance] InitializeOnLoad WindowLayout                                                                                  :        2 samples, Peak.  2.24 ms (1.6x), Avg.  1.40 ms, Total. 2.792 ms (0.0%)
[Performance] InitializeOnLoad ShortcutIntegration                                                                           :        2 samples, Peak.   568 us (1.8x), Avg.   317 us, Total. 634.5 us (0.0%)
[Performance] InitializeOnLoad MenuItems                                                                                     :        2 samples, Peak.   248 us (1.4x), Avg.   176 us, Total. 353.0 us (0.0%)
[Performance] InitializeOnLoad ManagedDebuggerWindow                                                                         :        2 samples, Peak.   421 us (1.4x), Avg.   297 us, Total. 594.2 us (0.0%)
[Performance] InitializeOnLoad AssetStoreContext                                                                             :        2 samples, Peak.  77.0 ms (1.3x), Avg.  58.5 ms, Total. 116.9 ms (0.3%)
[Performance] InitializeOnLoad NativeFormatImporterUtility                                                                   :        2 samples, Peak.  10.2 ms (1.4x), Avg.  7.14 ms, Total. 14.28 ms (0.0%)
[Performance] InitializeOnLoad SceneSearch                                                                                   :        2 samples, Peak.   286 us (1.3x), Avg.   224 us, Total. 447.9 us (0.0%)
[Performance] InitializeOnLoad EditorMonitor                                                                                 :        2 samples, Peak.  1.49 ms (1.0x), Avg.  1.46 ms, Total. 2.911 ms (0.0%)
[Performance] InitializeOnLoad RetainedMode                                                                                  :        2 samples, Peak.  7.99 ms (1.2x), Avg.  6.77 ms, Total. 13.54 ms (0.0%)
[Performance] InitializeOnLoad EditorShaderLoader                                                                            :        2 samples, Peak.  2.37 ms (1.2x), Avg.  1.94 ms, Total. 3.881 ms (0.0%)
[Performance] InitializeOnLoad EditorDelegateRegistration                                                                    :        2 samples, Peak.  1.31 ms (1.1x), Avg.  1.23 ms, Total. 2.465 ms (0.0%)
[Performance] InitializeOnLoad UIDocumentHierarchyWatcher                                                                    :        2 samples, Peak.   214 us (1.1x), Avg.   195 us, Total. 390.1 us (0.0%)
[Performance] InitializeOnLoad LiveReloadTrackerCreator                                                                      :        2 samples, Peak.   596 us (1.2x), Avg.   483 us, Total. 965.7 us (0.0%)
[Performance] InitializeOnLoad UxmlObjectEditorFactories                                                                     :        2 samples, Peak.  1.79 ms (1.2x), Avg.  1.47 ms, Total. 2.944 ms (0.0%)
[Performance] InitializeOnLoad UXMLEditorFactories                                                                           :        2 samples, Peak.   184 ms (1.2x), Avg.   158 ms, Total. 316.2 ms (0.8%)
[Performance] InitializeOnLoad CloudBuildPoller                                                                              :        2 samples, Peak.  1.12 ms (1.2x), Avg.   946 us, Total. 1.892 ms (0.0%)
[Performance] InitializeOnLoad AdsService                                                                                    :        2 samples, Peak.  5.63 ms (1.3x), Avg.  4.39 ms, Total. 8.774 ms (0.0%)
[Performance] InitializeOnLoad EditorGameServicesAnalytics                                                                   :        2 samples, Peak.  13.6 ms (1.8x), Avg.  7.55 ms, Total. 15.10 ms (0.0%)
[Performance] InitializeOnLoad UDPService                                                                                    :        2 samples, Peak.   761 us (1.4x), Avg.   559 us, Total. 1.117 ms (0.0%)
[Performance] InitializeOnLoad BuildService                                                                                  :        2 samples, Peak.   596 us (1.3x), Avg.   466 us, Total. 931.4 us (0.0%)
[Performance] InitializeOnLoad ServicesRepository                                                                            :        2 samples, Peak.  1.80 us (1.3x), Avg.  1.40 us, Total. 2.800 us (0.0%)
[Performance] InitializeOnLoad PurchasingService                                                                             :        2 samples, Peak.  17.6 ms (1.2x), Avg.  14.6 ms, Total. 29.16 ms (0.1%)
[Performance] InitializeOnLoad AnalyticsService                                                                              :        2 samples, Peak.   523 us (1.2x), Avg.   435 us, Total. 869.1 us (0.0%)
[Performance] InitializeOnLoad CrashService                                                                                  :        2 samples, Peak.   437 us (1.3x), Avg.   345 us, Total. 690.5 us (0.0%)
[Performance] InitializeOnLoad SearchWindow                                                                                  :        2 samples, Peak.   276 us (1.0x), Avg.   263 us, Total. 526.9 us (0.0%)
[Performance] InitializeOnLoad CustomIndexers                                                                                :        2 samples, Peak.  37.8 ms (1.3x), Avg.  28.7 ms, Total. 57.48 ms (0.1%)
[Performance] InitializeOnLoad SearchMonitor                                                                                 :        2 samples, Peak.  1.90 ms (1.2x), Avg.  1.59 ms, Total. 3.189 ms (0.0%)
[Performance] InitializeOnLoad ParameterControllerEditor                                                                     :        2 samples, Peak.  44.9 us (1.2x), Avg.  36.2 us, Total. 72.30 us (0.0%)
[Performance] InitializeOnLoad LayerSettingsWindow                                                                           :        2 samples, Peak.  55.6 us (1.7x), Avg.  32.5 us, Total. 65.10 us (0.0%)
[Performance] InitializeOnLoad PackageManagerHookGUIDConverter.RegisterPackagesEventHandler                                  :        2 samples, Peak.  1.61 ms (1.7x), Avg.   936 us, Total. 1.871 ms (0.0%)
[Performance] InitializeOnLoad EditorDragAndDrop.RegisterEditorClient                                                        :        2 samples, Peak.   478 us (1.1x), Avg.   418 us, Total. 836.3 us (0.0%)
[Performance] InitializeOnLoad EditorEventCallbacks.InitializeFontAssetResourceChangeCallBacks                               :        2 samples, Peak.  23.8 ms (1.8x), Avg.  13.5 ms, Total. 26.99 ms (0.1%)
[Performance] InitializeOnLoad SceneTemplateService.Init                                                                     :        2 samples, Peak.  2.58 ms (1.0x), Avg.  2.56 ms, Total. 5.120 ms (0.0%)
[Performance] InitializeOnLoad DiagnosticSwitchesConsoleMessage.Init                                                         :        2 samples, Peak.  15.0 ms (1.4x), Avg.  10.5 ms, Total. 20.92 ms (0.1%)
[Performance] InitializeOnLoad SysrootManager.Initialize                                                                     :        2 samples, Peak.  44.7 us (1.1x), Avg.  39.9 us, Total. 79.80 us (0.0%)
[Performance] InitializeOnLoad AssetPostprocessingInternal.RefreshCustomDependencies                                         :        2 samples, Peak.  6.82 ms (1.2x), Avg.  5.80 ms, Total. 11.60 ms (0.0%)
[Performance] InitializeOnLoad SceneViewMotion.RegisterShortcutContexts                                                      :        2 samples, Peak.   324 us (1.2x), Avg.   275 us, Total. 549.0 us (0.0%)
[Performance] InitializeOnLoad ScopedRegistryAddedPopup.SubscribeToRegistriesAdded                                           :        2 samples, Peak.  53.8 ms (1.7x), Avg.  32.2 ms, Total. 64.33 ms (0.2%)
[Performance] InitializeOnLoad PackageManagerWindow.EditorInitializedInSafeMode                                              :        2 samples, Peak.   481 us (1.4x), Avg.   341 us, Total. 681.6 us (0.0%)
[Performance] InitializeOnLoad SceneVisibilityManager.Initialize                                                             :        2 samples, Peak.  12.3 ms (1.8x), Avg.  6.68 ms, Total. 13.36 ms (0.0%)
[Performance] InitializeOnLoad RectSelection.RegisterShortcutContext                                                         :        2 samples, Peak.   267 us (1.0x), Avg.   261 us, Total. 522.3 us (0.0%)
[Performance] InitializeOnLoad EditorWindow.Initialize                                                                       :        2 samples, Peak.   273 us (1.0x), Avg.   262 us, Total. 523.9 us (0.0%)
[Performance] InitializeOnLoad MemoryProfilerCompilationGuard.InjectCompileGuard                                             :        2 samples, Peak.   175 us (1.3x), Avg.   138 us, Total. 277.0 us (0.0%)
[Performance] InitializeOnLoad ToolShortcutContext.Init                                                                      :        2 samples, Peak.   154 us (1.0x), Avg.   147 us, Total. 294.2 us (0.0%)
[Performance] AssemblyReloadEvents.afterAssemblyReload: UnityEditor.SceneTemplate.SceneTemplateService.AfterAssemblyReload   :        2 samples, Peak.  6.60 ms (1.9x), Avg.  3.53 ms, Total. 7.057 ms (0.0%)
[Performance] ProcessService.EditorAfterLoadAllAssemblies                                                                    :        2 samples, Peak.   622 us (1.3x), Avg.   480 us, Total. 959.7 us (0.0%)
[Performance] Application.ReadLicenseInfo                                                                                    :        1 samples, Peak.  18.7 ms (1.0x), Avg.  18.7 ms, Total. 18.73 ms (0.0%)
[Performance] Application.InitialRefresh                                                                                     :        1 samples, Peak.  10.4 s (1.0x), Avg.  10.4 s, Total. 10.41 s (26.5%)
[Performance] Compiling Scripts                                                                                              :        1 samples, Peak.  1.46 s (1.0x), Avg.  1.46 s, Total. 1.459 s (3.7%)
[Performance] AssemblyReloadEvents.beforeAssemblyReload: UnityEditor.SceneTemplate.SceneTemplateService.BeforeAssemblyReload :        1 samples, Peak.   596 us (1.0x), Avg.   596 us, Total. 596.4 us (0.0%)
[Performance] InitializeOnLoad OnDomainReload                                                                                :        1 samples, Peak.   549 us (1.0x), Avg.   549 us, Total. 549.4 us (0.0%)
[Performance] InitializeOnLoad EditorInitialize                                                                              :        3 samples, Peak.  30.6 ms (2.8x), Avg.  11.0 ms, Total. 32.92 ms (0.1%)
[Performance] InitializeOnLoad CanvasesAndTheirOwners                                                                        :        1 samples, Peak.   263 us (1.0x), Avg.   263 us, Total. 262.8 us (0.0%)
[Performance] InitializeOnLoad SaveDuringPlay                                                                                :        1 samples, Peak.   131 us (1.0x), Avg.   131 us, Total. 130.9 us (0.0%)
[Performance] InitializeOnLoad CinemachineScreenComposerGuidesGlobalDraggable                                                :        1 samples, Peak.   245 us (1.0x), Avg.   245 us, Total. 245.0 us (0.0%)
[Performance] InitializeOnLoad CinemachineStoryboardMute                                                                     :        1 samples, Peak.   110 us (1.0x), Avg.   110 us, Total. 109.5 us (0.0%)
[Performance] InitializeOnLoad CreateRigWithUndo                                                                             :        1 samples, Peak.   206 us (1.0x), Avg.   206 us, Total. 206.2 us (0.0%)
[Performance] InitializeOnLoad CreatePipelineWithUndo                                                                        :        1 samples, Peak.   144 us (1.0x), Avg.   144 us, Total. 144.1 us (0.0%)
[Performance] InitializeOnLoad CollectGizmoDrawers                                                                           :        1 samples, Peak.  12.8 ms (1.0x), Avg.  12.8 ms, Total. 12.85 ms (0.0%)
[Performance] InitializeOnLoad CinemachineEditorAnalytics                                                                    :        1 samples, Peak.   184 us (1.0x), Avg.   184 us, Total. 183.9 us (0.0%)
[Performance] InitializeOnLoad CinemachineColliderPrefs                                                                      :        1 samples, Peak.   318 us (1.0x), Avg.   318 us, Total. 317.9 us (0.0%)
[Performance] InitializeOnLoad SyncCacheEnabledSetting                                                                       :        1 samples, Peak.   629 us (1.0x), Avg.   629 us, Total. 629.3 us (0.0%)
[Performance] InitializeOnLoad BurstLoader                                                                                   :        1 samples, Peak.  2.82 s (1.0x), Avg.  2.82 s, Total. 2.816 s (7.2%)
[Performance] InitializeOnLoad EditorToolManager                                                                             :        1 samples, Peak.  5.69 ms (1.0x), Avg.  5.69 ms, Total. 5.690 ms (0.0%)
[Performance] InitializeOnLoad VersionValidator                                                                              :        1 samples, Peak.  2.86 ms (1.0x), Avg.  2.86 ms, Total. 2.863 ms (0.0%)
[Performance] InitializeOnLoad LogPreferences                                                                                :        1 samples, Peak.   402 us (1.0x), Avg.   402 us, Total. 401.7 us (0.0%)
[Performance] InitializeOnLoad DestroyListener                                                                               :        1 samples, Peak.  1.94 ms (1.0x), Avg.  1.94 ms, Total. 1.939 ms (0.0%)
[Performance] InitializeOnLoad ProGridsInterface                                                                             :        1 samples, Peak.  3.07 ms (1.0x), Avg.  3.07 ms, Total. 3.075 ms (0.0%)
[Performance] InitializeOnLoad EntityVisibility                                                                              :        1 samples, Peak.   266 us (1.0x), Avg.   266 us, Total. 266.3 us (0.0%)
[Performance] InitializeOnLoad VertexManipulationToolSettings                                                                :        1 samples, Peak.  70.1 us (1.0x), Avg.  70.1 us, Total. 70.10 us (0.0%)
[Performance] InitializeOnLoad UndoUtility                                                                                   :        1 samples, Peak.   105 us (1.0x), Avg.   105 us, Total. 105.3 us (0.0%)
[Performance] InitializeOnLoad HierarchyListener                                                                             :        1 samples, Peak.   439 us (1.0x), Avg.   439 us, Total. 438.6 us (0.0%)
[Performance] InitializeOnLoad Lightmapping                                                                                  :        1 samples, Peak.   691 us (1.0x), Avg.   691 us, Total. 690.9 us (0.0%)
[Performance] InitializeOnLoad SceneDragAndDropListener                                                                      :        1 samples, Peak.   443 us (1.0x), Avg.   443 us, Total. 443.0 us (0.0%)
[Performance] InitializeOnLoad MeshSelection                                                                                 :        1 samples, Peak.  5.18 ms (1.0x), Avg.  5.18 ms, Total. 5.176 ms (0.0%)
[Performance] InitializeOnLoad Fbx                                                                                           :        1 samples, Peak.  9.45 ms (1.0x), Avg.  9.45 ms, Total. 9.453 ms (0.0%)
[Performance] InitializeOnLoad BackgroundWatcher                                                                             :        1 samples, Peak.   312 us (1.0x), Avg.   312 us, Total. 312.2 us (0.0%)
[Performance] InitializeOnLoad UnityTestProtocolStarter                                                                      :        1 samples, Peak.   386 us (1.0x), Avg.   386 us, Total. 385.5 us (0.0%)
[Performance] InitializeOnLoad TestStarter                                                                                   :        1 samples, Peak.  1.28 ms (1.0x), Avg.  1.28 ms, Total. 1.282 ms (0.0%)
[Performance] InitializeOnLoad RerunCallbackInitializer                                                                      :        1 samples, Peak.  6.83 ms (1.0x), Avg.  6.83 ms, Total. 6.829 ms (0.0%)
[Performance] InitializeOnLoad RiderScriptEditor                                                                             :        1 samples, Peak.  15.3 ms (1.0x), Avg.  15.3 ms, Total. 15.31 ms (0.0%)
[Performance] InitializeOnLoad CallbackInitializer                                                                           :        1 samples, Peak.  2.88 ms (1.0x), Avg.  2.88 ms, Total. 2.884 ms (0.0%)
[Performance] InitializeOnLoad SpriteEditorWindow                                                                            :        1 samples, Peak.   777 us (1.0x), Avg.   777 us, Total. 776.8 us (0.0%)
[Performance] InitializeOnLoad ProbeGIBaking                                                                                 :        1 samples, Peak.  4.47 ms (1.0x), Avg.  4.47 ms, Total. 4.465 ms (0.0%)
[Performance] InitializeOnLoad FilterWindow                                                                                  :        1 samples, Peak.  68.3 us (1.0x), Avg.  68.3 us, Total. 68.30 us (0.0%)
[Performance] InitializeOnLoad RealtimeProbeSubdivisionDebug                                                                 :        1 samples, Peak.   170 us (1.0x), Avg.   170 us, Total. 169.5 us (0.0%)
[Performance] InitializeOnLoad CoverageReporterStarter                                                                       :        1 samples, Peak.  8.32 ms (1.0x), Avg.  8.32 ms, Total. 8.325 ms (0.0%)
[Performance] InitializeOnLoad PlasticPlugin                                                                                 :        1 samples, Peak.   230 ms (1.0x), Avg.   230 ms, Total. 229.6 ms (0.6%)
[Performance] InitializeOnLoad ToolbarBootstrap                                                                              :        1 samples, Peak.   178 ms (1.0x), Avg.   178 ms, Total. 178.1 ms (0.5%)
[Performance] InitializeOnLoad BackgroundImport                                                                              :        1 samples, Peak.   210 us (1.0x), Avg.   210 us, Total. 209.9 us (0.0%)
[Performance] InitializeOnLoad VSCodeScriptEditor                                                                            :        1 samples, Peak.  10.2 ms (1.0x), Avg.  10.2 ms, Total. 10.17 ms (0.0%)
[Performance] InitializeOnLoad VSUsageUtility                                                                                :        1 samples, Peak.  24.9 ms (1.0x), Avg.  24.9 ms, Total. 24.90 ms (0.1%)
[Performance] InitializeOnLoad NodeClassCache                                                                                :        1 samples, Peak.  14.9 us (1.0x), Avg.  14.9 us, Total. 14.90 us (0.0%)
[Performance] InitializeOnLoad ShaderGraphMaterialsUpdater                                                                   :        1 samples, Peak.   508 us (1.0x), Avg.   508 us, Total. 507.7 us (0.0%)
[Performance] InitializeOnLoad VisualStudioEditor                                                                            :        1 samples, Peak.  6.25 ms (1.0x), Avg.  6.25 ms, Total. 6.253 ms (0.0%)
[Performance] InitializeOnLoad TestRunnerApiListener                                                                         :        1 samples, Peak.   662 us (1.0x), Avg.   662 us, Total. 662.2 us (0.0%)
[Performance] InitializeOnLoad VisualStudioIntegration                                                                       :        1 samples, Peak.   845 us (1.0x), Avg.   845 us, Total. 845.4 us (0.0%)
[Performance] InitializeOnLoad PrefabLayoutRebuilder                                                                         :        1 samples, Peak.   272 us (1.0x), Avg.   272 us, Total. 272.3 us (0.0%)
[Performance] InitializeOnLoad SpriteSkinCompositeStartup                                                                    :        1 samples, Peak.  25.1 ms (1.0x), Avg.  25.1 ms, Total. 25.09 ms (0.1%)
[Performance] InitializeOnLoad UnityAnalyticsStorage                                                                         :        1 samples, Peak.   926 us (1.0x), Avg.   926 us, Total. 925.7 us (0.0%)
[Performance] InitializeOnLoad BoneGizmoInitializer                                                                          :        1 samples, Peak.  6.51 ms (1.0x), Avg.  6.51 ms, Total. 6.514 ms (0.0%)
[Performance] InitializeOnLoad Analytics                                                                                     :        1 samples, Peak.   527 us (1.0x), Avg.   527 us, Total. 527.4 us (0.0%)
[Performance] InitializeOnLoad SceneDragAndDrop                                                                              :        1 samples, Peak.   376 us (1.0x), Avg.   376 us, Total. 376.1 us (0.0%)
[Performance] InitializeOnLoad SpriteShapeUpdateCache                                                                        :        1 samples, Peak.  1.76 ms (1.0x), Avg.  1.76 ms, Total. 1.756 ms (0.0%)
[Performance] InitializeOnLoad SpriteShapeUnityAnalyticsStorage                                                              :        1 samples, Peak.  55.6 us (1.0x), Avg.  55.6 us, Total. 55.60 us (0.0%)
[Performance] InitializeOnLoad IKEditorManager.CreateInstance                                                                :        1 samples, Peak.  3.99 ms (1.0x), Avg.  3.99 ms, Total. 3.988 ms (0.0%)
[Performance] InitializeOnLoad $BurstDirectCallInitializer.Initialize                                                        :        7 samples, Peak.  23.1 ms (3.1x), Avg.  7.53 ms, Total. 52.74 ms (0.1%)
[Performance] InitializeOnLoad SceneViewGridManager.Initialize                                                               :        1 samples, Peak.  7.18 ms (1.0x), Avg.  7.18 ms, Total. 7.175 ms (0.0%)
[Performance] InitializeOnLoad TilemapPrefabStageHelper.Initialize                                                           :        1 samples, Peak.  4.68 ms (1.0x), Avg.  4.68 ms, Total. 4.685 ms (0.0%)
[Performance] InitializeOnLoad SceneViewOpenTilePaletteHelper.Initialize                                                     :        1 samples, Peak.  2.23 ms (1.0x), Avg.  2.23 ms, Total. 2.228 ms (0.0%)
[Performance] InitializeOnLoad TileDragAndDropManager.Initialize                                                             :        1 samples, Peak.  1.43 ms (1.0x), Avg.  1.43 ms, Total. 1.428 ms (0.0%)
[Performance] InitializeOnLoad ProBuilderSettings.SaveSettingsOnExit                                                         :        1 samples, Peak.   149 us (1.0x), Avg.   149 us, Total. 149.2 us (0.0%)
[Performance] InitializeOnLoad VisualStudioEditor.LegacyVisualStudioCodePackageDisabler                                      :        1 samples, Peak.  7.16 ms (1.0x), Avg.  7.16 ms, Total. 7.157 ms (0.0%)
[Performance] InitializeOnLoad MaterialReimporter.RegisterUpgraderReimport                                                   :        1 samples, Peak.   224 us (1.0x), Avg.   224 us, Total. 224.4 us (0.0%)
[Performance] InitializeOnLoad BackgroundImport.Setup                                                                        :        1 samples, Peak.   807 us (1.0x), Avg.   807 us, Total. 807.0 us (0.0%)
[Performance] InitializeOnLoad TestJobDataHolder.ResumeRunningJobs                                                           :        1 samples, Peak.  1.99 ms (1.0x), Avg.  1.99 ms, Total. 1.991 ms (0.0%)
[Performance] InitializeOnLoad AnalyticsReporter.RegisterCallbacks                                                           :        1 samples, Peak.   724 us (1.0x), Avg.   724 us, Total. 724.0 us (0.0%)
[Performance] InitializeOnLoad CoreRenderPipelinePreferences.InitPreferenceProviders                                         :        1 samples, Peak.  70.1 ms (1.0x), Avg.  70.1 ms, Total. 70.08 ms (0.2%)
[Performance] InitializeOnLoad VolumeGizmoDrawer.InitVolumeGizmoCallbacks                                                    :        1 samples, Peak.   594 us (1.0x), Avg.   594 us, Total. 594.4 us (0.0%)
[Performance] InitializeOnLoad DebugManagerWindowLifetimeAnalytic.SubscribeToDebugManagerOpenCloseWindows                    :        1 samples, Peak.  1.03 ms (1.0x), Avg.  1.03 ms, Total. 1.026 ms (0.0%)
[Performance] DidReloadScriptsCinemachineExtension.OnScriptReload                                                            :        1 samples, Peak.   691 us (1.0x), Avg.   691 us, Total. 691.5 us (0.0%)
[Performance] DidReloadScriptsCinemachineVirtualCameraBase.OnScriptReload                                                    :        1 samples, Peak.   157 us (1.0x), Avg.   157 us, Total. 157.4 us (0.0%)
[Performance] DidReloadScriptsTestRunnerWindow.CompilationCallback                                                           :        1 samples, Peak.   709 us (1.0x), Avg.   709 us, Total. 709.3 us (0.0%)
[Performance] DidReloadScriptsTestListCache.ScriptReloaded                                                                   :        1 samples, Peak.  2.02 ms (1.0x), Avg.  2.02 ms, Total. 2.021 ms (0.0%)
[Performance] DidReloadScriptsVolumeComponentEditor.OnEditorReload                                                           :        1 samples, Peak.  31.6 ms (1.0x), Avg.  31.6 ms, Total. 31.61 ms (0.1%)
[Performance] DidReloadScriptsDebugWindow.OnEditorReload                                                                     :        1 samples, Peak.  15.8 ms (1.0x), Avg.  15.8 ms, Total. 15.77 ms (0.0%)
[Performance] DidReloadScriptsLookDev.OnEditorReload                                                                         :        1 samples, Peak.   272 us (1.0x), Avg.   272 us, Total. 272.1 us (0.0%)
[Performance] DidReloadScriptsAdvancedDropdownWindow.OnScriptReload                                                          :        1 samples, Peak.   279 us (1.0x), Avg.   279 us, Total. 278.9 us (0.0%)
[Performance] AssemblyReloadEvents.afterAssemblyReload: UnityEditor.ProBuilder.HierarchyListener.OnAfterAssemblyReload       :        1 samples, Peak.   454 us (1.0x), Avg.   454 us, Total. 454.1 us (0.0%)
[Performance] AssemblyReloadEvents.afterAssemblyReload: UnityEditor.U2D.Animation.BoneGizmo.OnAfterAssemblyReload            :        1 samples, Peak.  2.36 ms (1.0x), Avg.  2.36 ms, Total. 2.364 ms (0.0%)
[Performance] CinemachineSettings.OnPostprocessAllAssets                                                                     :        2 samples, Peak.  1.76 ms (1.5x), Avg.  1.16 ms, Total. 2.311 ms (0.0%)
[Performance] SyncVS.PostprocessSyncProject                                                                                  :        1 samples, Peak.  43.0 ms (1.0x), Avg.  43.0 ms, Total. 43.02 ms (0.1%)
[Performance] Application.ImportPackagesAndSetTemplateWhenCreatingProject                                                    :        1 samples, Peak.  33.1 ms (1.0x), Avg.  33.1 ms, Total. 33.10 ms (0.1%)
[Performance] Application.SyncCurrentColorSpace                                                                              :        1 samples, Peak.   195 ms (1.0x), Avg.   195 ms, Total. 195.3 ms (0.5%)
[Performance] Application.OnUsbDevicesChanged                                                                                :        1 samples, Peak.  1.83 ms (1.0x), Avg.  1.83 ms, Total. 1.833 ms (0.0%)
[Performance] Application.AssetInstanceCacheUpdate                                                                           :        1 samples, Peak.  1.20 us (1.0x), Avg.  1.20 us, Total. 1.200 us (0.0%)
[Performance] Application.UnityExtensions.Initialize                                                                         :        1 samples, Peak.  12.3 ms (1.0x), Avg.  12.3 ms, Total. 12.30 ms (0.0%)
[Performance] CodeEditorProjectSync.SyncEditorProject                                                                        :        1 samples, Peak.   575 ms (1.0x), Avg.   575 ms, Total. 575.4 ms (1.5%)
[Performance] Application.ExecuteStartups                                                                                    :        1 samples, Peak.  92.1 ms (1.0x), Avg.  92.1 ms, Total. 92.13 ms (0.2%)
[Performance] Menu.RegisterMenuInterface                                                                                     :       26 samples, Peak.  1.90 us (7.2x), Avg.   265 ns, Total. 6.900 us (0.0%)
[Performance] Gizmo.RebuildRenderers                                                                                         :        2 samples, Peak.  90.4 ms (1.9x), Avg.  48.1 ms, Total. 96.27 ms (0.2%)
[Performance] Gizmo.AddGizmoRenderers                                                                                        :      238 samples, Peak.  2.54 ms (49.2x), Avg.  51.7 us, Total. 12.31 ms (0.0%)
[Performance] Application.editorInitializingProject                                                                          :        1 samples, Peak.   277 ms (1.0x), Avg.   277 ms, Total. 277.4 ms (0.7%)
[Performance] Application.InitializeMenu                                                                                     :        1 samples, Peak.   218 ms (1.0x), Avg.   218 ms, Total. 218.3 ms (0.6%)
[Performance] Menu.RebuildAll                                                                                                :        1 samples, Peak.   218 ms (1.0x), Avg.   218 ms, Total. 218.3 ms (0.6%)
[Performance] Menu.BuildRegisteredMenuInterfaces                                                                             :        1 samples, Peak.   212 ms (1.0x), Avg.   212 ms, Total. 212.4 ms (0.5%)
[Performance] Menu.FilterMenuItem                                                                                            :      842 samples, Peak.   141 ms (836.9x), Avg.   169 us, Total. 142.3 ms (0.4%)
[Performance] UpdateAllMenus                                                                                                 :        1 samples, Peak.  1.13 ms (1.0x), Avg.  1.13 ms, Total. 1.131 ms (0.0%)
[Performance] Menu.RebuildOSMainMenu                                                                                         :        2 samples, Peak.  10.6 ms (1.4x), Avg.  7.48 ms, Total. 14.96 ms (0.0%)
[Performance] EditorSceneManager.sceneClosing: UnityEditor.SceneVisibilityManager.EditorSceneManagerOnSceneClosing           :        2 samples, Peak.   411 us (2.0x), Avg.   210 us, Total. 420.8 us (0.0%)
[Performance] GUIView.RepaintAll.PlayerLoopController                                                                        :        2 samples, Peak.  2.20 us (1.0x), Avg.  2.10 us, Total. 4.200 us (0.0%)
[Performance] EditorSceneManager.newSceneCreated: UnityEditor.SceneTemplate.SceneTemplateService.OnNewSceneCreated           :        1 samples, Peak.   634 us (1.0x), Avg.   634 us, Total. 634.3 us (0.0%)
[Performance] EditorSceneManager.newSceneCreated: UnityEditor.SceneVisibilityManager.EditorSceneManagerOnNewSceneCreated     :        1 samples, Peak.  1.29 ms (1.0x), Avg.  1.29 ms, Total. 1.291 ms (0.0%)
[Performance] EditorSceneManager.newSceneCreated: UnityEditor.SceneManagement.StageNavigationManager.OnNewSceneCreated       :        1 samples, Peak.   742 us (1.0x), Avg.   742 us, Total. 742.0 us (0.0%)
[Performance] Application.InvokeFinishedLoadingProject                                                                       :        1 samples, Peak.  21.8 ms (1.0x), Avg.  21.8 ms, Total. 21.80 ms (0.1%)
[Performance] ProcessService.OnProjectLoaded                                                                                 :        1 samples, Peak.   146 us (1.0x), Avg.   146 us, Total. 145.9 us (0.0%)
[Performance] VersionControl.Task.Wait                                                                                       :        1 samples, Peak.  25.5 us (1.0x), Avg.  25.5 us, Total. 25.50 us (0.0%)
[Performance] Inspector.InitOrRebuild                                                                                        :        2 samples, Peak.   655 us (1.5x), Avg.   442 us, Total. 884.2 us (0.0%)
[Performance] PaletteAssetModificationProcessor.OnWillSaveAssets                                                             :        2 samples, Peak.  2.85 ms (2.0x), Avg.  1.45 ms, Total. 2.903 ms (0.0%)
[Performance] StateMacroSavedEvent.OnWillSaveAssets                                                                          :        2 samples, Peak.   336 us (2.0x), Avg.   170 us, Total. 340.2 us (0.0%)
[Performance] FlowMacroSavedEvent.OnWillSaveAssets                                                                           :        2 samples, Peak.   248 us (2.0x), Avg.   125 us, Total. 250.9 us (0.0%)
[Performance] AssetModificationProcessor.OnWillSaveAssets                                                                    :        2 samples, Peak.  1.44 ms (2.0x), Avg.   721 us, Total. 1.442 ms (0.0%)
[Performance] UnityCloudProjectLinkMonitor.OnWillSaveAssets                                                                  :        2 samples, Peak.   803 us (2.0x), Avg.   403 us, Total. 805.7 us (0.0%)
[Performance] BuilderAssetModificationProcessor.OnWillSaveAssets                                                             :        2 samples, Peak.   988 us (2.0x), Avg.   497 us, Total. 993.8 us (0.0%)
[Performance] TerrainModificationProcessor.OnWillSaveAssets                                                                  :        2 samples, Peak.  1.18 ms (2.0x), Avg.   593 us, Total. 1.185 ms (0.0%)
[Performance] AssetDatabase.ImportAssets                                                                                     :        4 samples, Peak.  1.30 us (1.9x), Avg.   700 ns, Total. 2.800 us (0.0%)
[Performance] GenerateAssemblyTypeInfos                                                                                      :        2 samples, Peak.  68.7 ms (1.1x), Avg.  60.1 ms, Total. 120.2 ms (0.3%)
[Performance] AssetDatabase.Refresh                                                                                          :        1 samples, Peak.  38.9 ms (1.0x), Avg.  38.9 ms, Total. 38.92 ms (0.1%)
[Performance] EditorApplication.quitting: Unity.Burst.Editor.BurstLoader.OnEditorApplicationQuitting                         :        1 samples, Peak.   153 us (1.0x), Avg.   153 us, Total. 153.0 us (0.0%)
[Performance] EditorApplication.quitting: UnityEditor.SettingsManagement.FileSettingsRepository.Save                         :        2 samples, Peak.  10.7 ms (1.9x), Avg.  5.65 ms, Total. 11.30 ms (0.0%)
[Performance] EditorApplication.quitting: UnityEditor.Tilemaps.SceneViewGridManager.EditorQuitting                           :        1 samples, Peak.   332 us (1.0x), Avg.   332 us, Total. 332.0 us (0.0%)
[Performance] EditorApplication.quitting: UnityEditor.ProBuilder.ProBuilderSettings.Save                                     :        1 samples, Peak.  2.01 ms (1.0x), Avg.  2.01 ms, Total. 2.010 ms (0.0%)
[Performance] EditorApplication.quitting: callback in UnityEditor.TextCore.Text.EditorEventCallbacks                         :        1 samples, Peak.  57.4 ms (1.0x), Avg.  57.4 ms, Total. 57.38 ms (0.1%)
[Performance] EditorApplication.quitting: UnityEditor.WebGL.WebsockifyEditorWrapper.Kill                                     :        1 samples, Peak.  1.59 ms (1.0x), Avg.  1.59 ms, Total. 1.586 ms (0.0%)
[Performance] Application.Shutdown.PauseProfilerSession                                                                      :        1 samples, Peak.  89.5 us (1.0x), Avg.  89.5 us, Total. 89.50 us (0.0%)
[Performance] Application.Shutdown.PauseAssetImportWorkers                                                                   :        1 samples, Peak.   784 us (1.0x), Avg.   784 us, Total. 784.3 us (0.0%)
[Performance] Application.Shutdown.SaveAssets                                                                                :        1 samples, Peak.  10.3 ms (1.0x), Avg.  10.3 ms, Total. 10.32 ms (0.0%)
[Performance] Application.Shutdown.CleanupRenderPipeline                                                                     :        1 samples, Peak.  19.2 us (1.0x), Avg.  19.2 us, Total. 19.20 us (0.0%)
[Performance] Application.Shutdown.StopPreloadManager                                                                        :        1 samples, Peak.  9.86 ms (1.0x), Avg.  9.86 ms, Total. 9.859 ms (0.0%)
[Performance] Application.Shutdown.DestroyWorld                                                                              :        1 samples, Peak.  2.09 ms (1.0x), Avg.  2.09 ms, Total. 2.086 ms (0.0%)
[Performance] Application.Shutdown.CleanupAfterLoad                                                                          :        1 samples, Peak.   329 ms (1.0x), Avg.   329 ms, Total. 329.3 ms (0.8%)
[Performance] Application.Shutdown.Progress                                                                                  :        1 samples, Peak.  13.5 us (1.0x), Avg.  13.5 us, Total. 13.50 us (0.0%)
[Performance] Application.Shutdown.GICleanupManagers                                                                         :        1 samples, Peak.   722 us (1.0x), Avg.   722 us, Total. 722.3 us (0.0%)
[Performance] Application.Shutdown.MenuCleanupClass                                                                          :        1 samples, Peak.   388 us (1.0x), Avg.   388 us, Total. 387.5 us (0.0%)
[Performance] Application.Shutdown.ADBSaveStateBeforeShutdown                                                                :        1 samples, Peak.  19.3 us (1.0x), Avg.  19.3 us, Total. 19.30 us (0.0%)
[Performance] Application.Shutdown.RemoteShutdown                                                                            :        1 samples, Peak.  1.20 us (1.0x), Avg.  1.20 us, Total. 1.200 us (0.0%)
[Performance] Application.Shutdown.CleanupVCProvider                                                                         :        1 samples, Peak.  17.2 us (1.0x), Avg.  17.2 us, Total. 17.20 us (0.0%)
[Performance] Application.Shutdown.InputShutdown                                                                             :        1 samples, Peak.  3.70 us (1.0x), Avg.  3.70 us, Total. 3.700 us (0.0%)
[Performance] Application.Shutdown.GizmoManagerDestroy                                                                       :        1 samples, Peak.  2.38 ms (1.0x), Avg.  2.38 ms, Total. 2.378 ms (0.0%)
[Performance] Application.Shutdown.ProfilerSession                                                                           :        1 samples, Peak.   266 us (1.0x), Avg.   266 us, Total. 265.7 us (0.0%)
[Performance] Application.Shutdown.ReleaseGfxWindowOnAllGUIViews                                                             :        1 samples, Peak.   700 ns (1.0x), Avg.   700 ns, Total. 700.0 ns (0.0%)
[Performance] Application.Shutdown.CleanupEngine                                                                             :        1 samples, Peak.   300 ms (1.0x), Avg.   300 ms, Total. 299.7 ms (0.8%)
[Performance] Application.Shutdown.CleanupAssetDatabase                                                                      :        1 samples, Peak.  21.3 ms (1.0x), Avg.  21.3 ms, Total. 21.30 ms (0.1%)
[Performance] Application.Shutdown.ScriptCompilationCleanUp                                                                  :        1 samples, Peak.  25.2 ms (1.0x), Avg.  25.2 ms, Total. 25.21 ms (0.1%)
[Performance] Application.Shutdown.DestroyJobSystem                                                                          :        1 samples, Peak.   198 us (1.0x), Avg.   198 us, Total. 197.7 us (0.0%)
[Performance] Application.Shutdown.CleanupPersistentManager                                                                  :        1 samples, Peak.  2.87 ms (1.0x), Avg.  2.87 ms, Total. 2.866 ms (0.0%)
[Performance] Application.Shutdown.CleanupAsyncReadManager                                                                   :        1 samples, Peak.   419 us (1.0x), Avg.   419 us, Total. 418.8 us (0.0%)
[Performance] Application.Shutdown.CleanupProgressBar                                                                        :        1 samples, Peak.   300 ns (1.0x), Avg.   300 ns, Total. 300.0 ns (0.0%)
[Performance] Application.Shutdown.CleanupMono                                                                               :        1 samples, Peak.   207 ms (1.0x), Avg.   207 ms, Total. 207.4 ms (0.5%)
[Performance] Application.Shutdown.CleanupStdConverters                                                                      :        1 samples, Peak.  14.6 us (1.0x), Avg.  14.6 us, Total. 14.60 us (0.0%)
[Performance] Application.Shutdown.UnloadAllPlatformSupportModuleNativeDlls                                                  :        1 samples, Peak.   800 ns (1.0x), Avg.   800 ns, Total. 800.0 ns (0.0%)
[Performance] Application.Shutdown.UnloadAllPlatformSupportNativeLibraries                                                   :        1 samples, Peak. 100.0 ns (1.0x), Avg. 100.0 ns, Total. 100.00 ns (0.0%)
[Performance] Application.Shutdown.CleanupAutoDocumentation                                                                  :        1 samples, Peak.   569 us (1.0x), Avg.   569 us, Total. 569.2 us (0.0%)
[Performance] Application.Shutdown.ShaderNameManagerDestroy                                                                  :        1 samples, Peak.  68.4 us (1.0x), Avg.  68.4 us, Total. 68.40 us (0.0%)
[Performance] Application.Shutdown.CleanupCacheServer                                                                        :        1 samples, Peak.   300 ns (1.0x), Avg.   300 ns, Total. 300.0 ns (0.0%)
[Performance] Application.Shutdown.Virtualization_Shutdown                                                                   :        1 samples, Peak.   400 ns (1.0x), Avg.   400 ns, Total. 400.0 ns (0.0%)
[Performance] Application.Shutdown.DevConnections                                                                            :        1 samples, Peak.   295 us (1.0x), Avg.   295 us, Total. 295.1 us (0.0%)
Exiting batchmode successfully now!
Exiting without the bug reporter. Application will terminate with return code 0